This is XeTeX, Version 3.141592653-2.6-0.999996 (TeX Live 2024) (preloaded format=xelatex 2024.10.17)  16 DEC 2024 17:38
entering extended mode
 restricted \write18 enabled.
 file:line:error style messages enabled.
 %&-line parsing enabled.
**第十课
(./第十课.tex
LaTeX2e <2023-11-01> patch level 1
L3 programming layer <2024-02-20>
(d:/texlive/2024/texmf-dist/tex/latex/base/article.cls
Document Class: article 2023/05/17 v1.4n Standard LaTeX document class
(d:/texlive/2024/texmf-dist/tex/latex/base/size11.clo
File: size11.clo 2023/05/17 v1.4n Standard LaTeX file (size option)
)
\c@part=\count184
\c@section=\count185
\c@subsection=\count186
\c@subsubsection=\count187
\c@paragraph=\count188
\c@subparagraph=\count189
\c@figure=\count190
\c@table=\count191
\abovecaptionskip=\skip48
\belowcaptionskip=\skip49
\bibindent=\dimen140
) (d:/texlive/2024/texmf-dist/tex/latex/geometry/geometry.sty
Package: geometry 2020/01/02 v5.9 Page Geometry
 (d:/texlive/2024/texmf-dist/tex/latex/graphics/keyval.sty
Package: keyval 2022/05/29 v1.15 key=value parser (DPC)
\KV@toks@=\toks17
) (d:/texlive/2024/texmf-dist/tex/generic/iftex/ifvtex.sty
Package: ifvtex 2019/10/25 v1.7 ifvtex legacy package. Use iftex instead.
 (d:/texlive/2024/texmf-dist/tex/generic/iftex/iftex.sty
Package: iftex 2022/02/03 v1.0f TeX engine tests
))
\Gm@cnth=\count192
\Gm@cntv=\count193
\c@Gm@tempcnt=\count194
\Gm@bindingoffset=\dimen141
\Gm@wd@mp=\dimen142
\Gm@odd@mp=\dimen143
\Gm@even@mp=\dimen144
\Gm@layoutwidth=\dimen145
\Gm@layoutheight=\dimen146
\Gm@layouthoffset=\dimen147
\Gm@layoutvoffset=\dimen148
\Gm@dimlist=\toks18
) (d:/texlive/2024/texmf-dist/tex/latex/amsmath/amsmath.sty
Package: amsmath 2023/05/13 v2.17o AMS math features
\@mathmargin=\skip50

For additional information on amsmath, use the `?' option.
(d:/texlive/2024/texmf-dist/tex/latex/amsmath/amstext.sty
Package: amstext 2021/08/26 v2.01 AMS text
 (d:/texlive/2024/texmf-dist/tex/latex/amsmath/amsgen.sty
File: amsgen.sty 1999/11/30 v2.0 generic functions
\@emptytoks=\toks19
\ex@=\dimen149
)) (d:/texlive/2024/texmf-dist/tex/latex/amsmath/amsbsy.sty
Package: amsbsy 1999/11/29 v1.2d Bold Symbols
\pmbraise@=\dimen150
) (d:/texlive/2024/texmf-dist/tex/latex/amsmath/amsopn.sty
Package: amsopn 2022/04/08 v2.04 operator names
)
\inf@bad=\count195
LaTeX Info: Redefining \frac on input line 234.
\uproot@=\count196
\leftroot@=\count197
LaTeX Info: Redefining \overline on input line 399.
LaTeX Info: Redefining \colon on input line 410.
\classnum@=\count198
\DOTSCASE@=\count199
LaTeX Info: Redefining \ldots on input line 496.
LaTeX Info: Redefining \dots on input line 499.
LaTeX Info: Redefining \cdots on input line 620.
\Mathstrutbox@=\box51
\strutbox@=\box52
LaTeX Info: Redefining \big on input line 722.
LaTeX Info: Redefining \Big on input line 723.
LaTeX Info: Redefining \bigg on input line 724.
LaTeX Info: Redefining \Bigg on input line 725.
\big@size=\dimen151
LaTeX Font Info:    Redeclaring font encoding OML on input line 743.
LaTeX Font Info:    Redeclaring font encoding OMS on input line 744.
\macc@depth=\count266
LaTeX Info: Redefining \bmod on input line 905.
LaTeX Info: Redefining \pmod on input line 910.
LaTeX Info: Redefining \smash on input line 940.
LaTeX Info: Redefining \relbar on input line 970.
LaTeX Info: Redefining \Relbar on input line 971.
\c@MaxMatrixCols=\count267
\dotsspace@=\muskip16
\c@parentequation=\count268
\dspbrk@lvl=\count269
\tag@help=\toks20
\row@=\count270
\column@=\count271
\maxfields@=\count272
\andhelp@=\toks21
\eqnshift@=\dimen152
\alignsep@=\dimen153
\tagshift@=\dimen154
\tagwidth@=\dimen155
\totwidth@=\dimen156
\lineht@=\dimen157
\@envbody=\toks22
\multlinegap=\skip51
\multlinetaggap=\skip52
\mathdisplay@stack=\toks23
LaTeX Info: Redefining \[ on input line 2953.
LaTeX Info: Redefining \] on input line 2954.
) (d:/texlive/2024/texmf-dist/tex/latex/lm/lmodern.sty
Package: lmodern 2015/05/01 v1.6.1 Latin Modern Fonts
LaTeX Font Info:    Overwriting symbol font `operators' in version `normal'
(Font)                  OT1/cmr/m/n --> OT1/lmr/m/n on input line 22.
LaTeX Font Info:    Overwriting symbol font `letters' in version `normal'
(Font)                  OML/cmm/m/it --> OML/lmm/m/it on input line 23.
LaTeX Font Info:    Overwriting symbol font `symbols' in version `normal'
(Font)                  OMS/cmsy/m/n --> OMS/lmsy/m/n on input line 24.
LaTeX Font Info:    Overwriting symbol font `largesymbols' in version `normal'
(Font)                  OMX/cmex/m/n --> OMX/lmex/m/n on input line 25.
LaTeX Font Info:    Overwriting symbol font `operators' in version `bold'
(Font)                  OT1/cmr/bx/n --> OT1/lmr/bx/n on input line 26.
LaTeX Font Info:    Overwriting symbol font `letters' in version `bold'
(Font)                  OML/cmm/b/it --> OML/lmm/b/it on input line 27.
LaTeX Font Info:    Overwriting symbol font `symbols' in version `bold'
(Font)                  OMS/cmsy/b/n --> OMS/lmsy/b/n on input line 28.
LaTeX Font Info:    Overwriting symbol font `largesymbols' in version `bold'
(Font)                  OMX/cmex/m/n --> OMX/lmex/m/n on input line 29.
LaTeX Font Info:    Overwriting math alphabet `\mathbf' in version `normal'
(Font)                  OT1/cmr/bx/n --> OT1/lmr/bx/n on input line 31.
LaTeX Font Info:    Overwriting math alphabet `\mathsf' in version `normal'
(Font)                  OT1/cmss/m/n --> OT1/lmss/m/n on input line 32.
LaTeX Font Info:    Overwriting math alphabet `\mathit' in version `normal'
(Font)                  OT1/cmr/m/it --> OT1/lmr/m/it on input line 33.
LaTeX Font Info:    Overwriting math alphabet `\mathtt' in version `normal'
(Font)                  OT1/cmtt/m/n --> OT1/lmtt/m/n on input line 34.
LaTeX Font Info:    Overwriting math alphabet `\mathbf' in version `bold'
(Font)                  OT1/cmr/bx/n --> OT1/lmr/bx/n on input line 35.
LaTeX Font Info:    Overwriting math alphabet `\mathsf' in version `bold'
(Font)                  OT1/cmss/bx/n --> OT1/lmss/bx/n on input line 36.
LaTeX Font Info:    Overwriting math alphabet `\mathit' in version `bold'
(Font)                  OT1/cmr/bx/it --> OT1/lmr/bx/it on input line 37.
LaTeX Font Info:    Overwriting math alphabet `\mathtt' in version `bold'
(Font)                  OT1/cmtt/m/n --> OT1/lmtt/m/n on input line 38.
) (d:/texlive/2024/texmf-dist/tex/latex/graphics/graphicx.sty
Package: graphicx 2021/09/16 v1.2d Enhanced LaTeX Graphics (DPC,SPQR)
 (d:/texlive/2024/texmf-dist/tex/latex/graphics/graphics.sty
Package: graphics 2022/03/10 v1.4e Standard LaTeX Graphics (DPC,SPQR)
 (d:/texlive/2024/texmf-dist/tex/latex/graphics/trig.sty
Package: trig 2021/08/11 v1.11 sin cos tan (DPC)
) (d:/texlive/2024/texmf-dist/tex/latex/graphics-cfg/graphics.cfg
File: graphics.cfg 2016/06/04 v1.11 sample graphics configuration
)
Package graphics Info: Driver file: xetex.def on input line 107.
 (d:/texlive/2024/texmf-dist/tex/latex/graphics-def/xetex.def
File: xetex.def 2022/09/22 v5.0n Graphics/color driver for xetex
))
\Gin@req@height=\dimen158
\Gin@req@width=\dimen159
) (d:/texlive/2024/texmf-dist/tex/latex/multirow/multirow.sty
Package: multirow 2021/03/15 v2.8 Span multiple rows of a table
\multirow@colwidth=\skip53
\multirow@cntb=\count273
\multirow@dima=\skip54
\bigstrutjot=\dimen160
) (d:/texlive/2024/texmf-dist/tex/latex/makecell/makecell.sty
Package: makecell 2009/08/03 V0.1e Managing of Tab Column Heads and Cells
 (d:/texlive/2024/texmf-dist/tex/latex/tools/array.sty
Package: array 2023/10/16 v2.5g Tabular extension package (FMi)
\col@sep=\dimen161
\ar@mcellbox=\box53
\extrarowheight=\dimen162
\NC@list=\toks24
\extratabsurround=\skip55
\backup@length=\skip56
\ar@cellbox=\box54
)
\rotheadsize=\dimen163
\c@nlinenum=\count274
\TeXr@lab=\toks25
) (d:/texlive/2024/texmf-dist/tex/xelatex/xecjk/xeCJK.sty (d:/texlive/2024/texmf-dist/tex/latex/l3kernel/expl3.sty
Package: expl3 2024-02-20 L3 programming layer (loader) 
 (d:/texlive/2024/texmf-dist/tex/latex/l3backend/l3backend-xetex.def
File: l3backend-xetex.def 2024-02-20 L3 backend support: XeTeX
\g__graphics_track_int=\count275
\l__pdf_internal_box=\box55
\g__pdf_backend_object_int=\count276
\g__pdf_backend_annotation_int=\count277
\g__pdf_backend_link_int=\count278
))
Package: xeCJK 2022/08/05 v3.9.1 Typesetting CJK scripts with XeLaTeX
 (d:/texlive/2024/texmf-dist/tex/latex/ctex/ctexhook.sty
Package: ctexhook 2022/07/14 v2.5.10 Document and package hooks (CTEX)
) (d:/texlive/2024/texmf-dist/tex/latex/l3packages/xtemplate/xtemplate.sty (d:/texlive/2024/texmf-dist/tex/latex/l3packages/xtemplate/xtemplate-2023-10-10.sty
Package: xtemplate 2023-10-10 L3 Experimental prototype document functions
\l__xtemplate_tmp_dim=\dimen164
\l__xtemplate_tmp_int=\count279
\l__xtemplate_tmp_muskip=\muskip17
\l__xtemplate_tmp_skip=\skip57
))
\l__xeCJK_tmp_int=\count280
\l__xeCJK_tmp_box=\box56
\l__xeCJK_tmp_dim=\dimen165
\l__xeCJK_tmp_skip=\skip58
\g__xeCJK_space_factor_int=\count281
\l__xeCJK_begin_int=\count282
\l__xeCJK_end_int=\count283
\c__xeCJK_CJK_class_int=\XeTeXcharclass1
\c__xeCJK_FullLeft_class_int=\XeTeXcharclass2
\c__xeCJK_FullRight_class_int=\XeTeXcharclass3
\c__xeCJK_HalfLeft_class_int=\XeTeXcharclass4
\c__xeCJK_HalfRight_class_int=\XeTeXcharclass5
\c__xeCJK_NormalSpace_class_int=\XeTeXcharclass6
\c__xeCJK_CM_class_int=\XeTeXcharclass7
\c__xeCJK_HangulJamo_class_int=\XeTeXcharclass8
\l__xeCJK_last_skip=\skip59
\c__xeCJK_none_node=\count284
\g__xeCJK_node_int=\count285
\c__xeCJK_CJK_node_dim=\dimen166
\c__xeCJK_CJK-space_node_dim=\dimen167
\c__xeCJK_default_node_dim=\dimen168
\c__xeCJK_CJK-widow_node_dim=\dimen169
\c__xeCJK_normalspace_node_dim=\dimen170
\c__xeCJK_default-space_node_skip=\skip60
\l__xeCJK_ccglue_skip=\skip61
\l__xeCJK_ecglue_skip=\skip62
\l__xeCJK_punct_kern_skip=\skip63
\l__xeCJK_indent_box=\box57
\l__xeCJK_last_penalty_int=\count286
\l__xeCJK_last_bound_dim=\dimen171
\l__xeCJK_last_kern_dim=\dimen172
\l__xeCJK_widow_penalty_int=\count287

Package xtemplate Info: Declaring object type 'xeCJK/punctuation' taking 0
(xtemplate)             argument(s) on line 2396.

\l__xeCJK_fixed_punct_width_dim=\dimen173
\l__xeCJK_mixed_punct_width_dim=\dimen174
\l__xeCJK_middle_punct_width_dim=\dimen175
\l__xeCJK_fixed_margin_width_dim=\dimen176
\l__xeCJK_mixed_margin_width_dim=\dimen177
\l__xeCJK_middle_margin_width_dim=\dimen178
\l__xeCJK_bound_punct_width_dim=\dimen179
\l__xeCJK_bound_margin_width_dim=\dimen180
\l__xeCJK_margin_minimum_dim=\dimen181
\l__xeCJK_kerning_total_width_dim=\dimen182
\l__xeCJK_same_align_margin_dim=\dimen183
\l__xeCJK_different_align_margin_dim=\dimen184
\l__xeCJK_kerning_margin_width_dim=\dimen185
\l__xeCJK_kerning_margin_minimum_dim=\dimen186
\l__xeCJK_bound_dim=\dimen187
\l__xeCJK_reverse_bound_dim=\dimen188
\l__xeCJK_margin_dim=\dimen189
\l__xeCJK_minimum_bound_dim=\dimen190
\l__xeCJK_kerning_margin_dim=\dimen191
\g__xeCJK_family_int=\count288
\l__xeCJK_fam_int=\count289
\g__xeCJK_fam_allocation_int=\count290
\l__xeCJK_verb_case_int=\count291
\l__xeCJK_verb_exspace_skip=\skip64
 (d:/texlive/2024/texmf-dist/tex/latex/fontspec/fontspec.sty (d:/texlive/2024/texmf-dist/tex/latex/l3packages/xparse/xparse.sty
Package: xparse 2024-02-18 L3 Experimental document command parser
)
Package: fontspec 2024/02/13 v2.9a Font selection for XeLaTeX and LuaLaTeX
 (d:/texlive/2024/texmf-dist/tex/latex/fontspec/fontspec-xetex.sty
Package: fontspec-xetex 2024/02/13 v2.9a Font selection for XeLaTeX and LuaLaTeX
\l__fontspec_script_int=\count292
\l__fontspec_language_int=\count293
\l__fontspec_strnum_int=\count294
\l__fontspec_tmp_int=\count295
\l__fontspec_tmpa_int=\count296
\l__fontspec_tmpb_int=\count297
\l__fontspec_tmpc_int=\count298
\l__fontspec_em_int=\count299
\l__fontspec_emdef_int=\count300
\l__fontspec_strong_int=\count301
\l__fontspec_strongdef_int=\count302
\l__fontspec_tmpa_dim=\dimen192
\l__fontspec_tmpb_dim=\dimen193
\l__fontspec_tmpc_dim=\dimen194
 (d:/texlive/2024/texmf-dist/tex/latex/base/fontenc.sty
Package: fontenc 2021/04/29 v2.0v Standard LaTeX package
) (d:/texlive/2024/texmf-dist/tex/latex/fontspec/fontspec.cfg))) (d:/texlive/2024/texmf-dist/tex/xelatex/xecjk/xeCJK.cfg
File: xeCJK.cfg 2022/08/05 v3.9.1 Configuration file for xeCJK package
)) (d:/texlive/2024/texmf-dist/tex/latex/ctex/ctex.sty
Package: ctex 2022/07/14 v2.5.10 Chinese adapter in LaTeX (CTEX)
 (d:/texlive/2024/texmf-dist/tex/latex/ctex/ctexpatch.sty
Package: ctexpatch 2022/07/14 v2.5.10 Patching commands (CTEX)
) (d:/texlive/2024/texmf-dist/tex/latex/base/fix-cm.sty
Package: fix-cm 2020/11/24 v1.1t fixes to LaTeX
 (d:/texlive/2024/texmf-dist/tex/latex/base/ts1enc.def
File: ts1enc.def 2001/06/05 v3.0e (jk/car/fm) Standard LaTeX file
LaTeX Font Info:    Redeclaring font encoding TS1 on input line 47.
))
\l__ctex_tmp_int=\count303
\l__ctex_tmp_box=\box58
\l__ctex_tmp_dim=\dimen195
\g__ctex_section_depth_int=\count304
\g__ctex_font_size_int=\count305
 (d:/texlive/2024/texmf-dist/tex/latex/ctex/config/ctexopts.cfg
File: ctexopts.cfg 2022/07/14 v2.5.10 Option configuration file (CTEX)
) (d:/texlive/2024/texmf-dist/tex/latex/ctex/engine/ctex-engine-xetex.def
File: ctex-engine-xetex.def 2022/07/14 v2.5.10 XeLaTeX adapter (CTEX)
\ccwd=\dimen196
\l__ctex_ccglue_skip=\skip65
)
\l__ctex_ziju_dim=\dimen197
 (d:/texlive/2024/texmf-dist/tex/latex/zhnumber/zhnumber.sty
Package: zhnumber 2022/07/14 v3.0 Typesetting numbers with Chinese glyphs
\l__zhnum_scale_int=\count306
\l__zhnum_tmp_int=\count307
 (d:/texlive/2024/texmf-dist/tex/latex/zhnumber/zhnumber-utf8.cfg
File: zhnumber-utf8.cfg 2022/07/14 v3.0 Chinese numerals with UTF8 encoding
)) (d:/texlive/2024/texmf-dist/tex/latex/ctex/scheme/ctex-scheme-chinese.def
File: ctex-scheme-chinese.def 2022/07/14 v2.5.10 Chinese scheme for generic (CTEX)
 (d:/texlive/2024/texmf-dist/tex/latex/ctex/config/ctex-name-utf8.cfg
File: ctex-name-utf8.cfg 2022/07/14 v2.5.10 Caption with encoding UTF-8 (CTEX)
)) (d:/texlive/2024/texmf-dist/tex/latex/tools/indentfirst.sty
Package: indentfirst 2023/07/02 v1.03 Indent first paragraph (DPC)
) (d:/texlive/2024/texmf-dist/tex/latex/ctex/fontset/ctex-fontset-windows.def
File: ctex-fontset-windows.def 2022/07/14 v2.5.10 Windows fonts definition (CTEX)

Package fontspec Info: Could not resolve font "KaiTi/B" (it probably doesn't
(fontspec)             exist).


Package fontspec Info: Could not resolve font "SimHei/I" (it probably doesn't
(fontspec)             exist).


Package fontspec Info: Could not resolve font "SimSun/BI" (it probably doesn't
(fontspec)             exist).


Package fontspec Info: Font family 'SimSun(0)' created for font 'SimSun' with
(fontspec)             options
(fontspec)             [Script={CJK},BoldFont={SimHei},ItalicFont={KaiTi}].
(fontspec)              
(fontspec)              This font family consists of the following NFSS
(fontspec)             series/shapes:
(fontspec)              
(fontspec)             - 'normal' (m/n) with NFSS spec.:
(fontspec)             <->"SimSun/OT:script=hani;language=dflt;"
(fontspec)             - 'small caps'  (m/sc) with NFSS spec.: 
(fontspec)             - 'bold' (b/n) with NFSS spec.:
(fontspec)             <->"SimHei/OT:script=hani;language=dflt;"
(fontspec)             - 'bold small caps'  (b/sc) with NFSS spec.: 
(fontspec)             - 'italic' (m/it) with NFSS spec.:
(fontspec)             <->"KaiTi/OT:script=hani;language=dflt;"
(fontspec)             - 'italic small caps'  (m/scit) with NFSS spec.: 

)) (d:/texlive/2024/texmf-dist/tex/latex/ctex/config/ctex.cfg
File: ctex.cfg 2022/07/14 v2.5.10 Configuration file (CTEX)
) (d:/texlive/2024/texmf-dist/tex/latex/cite/cite.sty
LaTeX Info: Redefining \cite on input line 302.
LaTeX Info: Redefining \nocite on input line 332.
Package: cite 2015/02/27  v 5.5
) (d:/texlive/2024/texmf-dist/tex/latex/wrapfig/wrapfig.sty
\wrapoverhang=\dimen198
\WF@size=\dimen199
\c@WF@wrappedlines=\count308
\WF@box=\box59
\WF@everypar=\toks26
Package: wrapfig 2003/01/31  v 3.6
)

Package fontspec Info: Font family 'TimesNewRoman(0)' created for font 'Times
(fontspec)             New Roman' with options [Ligatures=TeX].
(fontspec)              
(fontspec)              This font family consists of the following NFSS
(fontspec)             series/shapes:
(fontspec)              
(fontspec)             - 'normal' (m/n) with NFSS spec.: <->"Times New
(fontspec)             Roman/OT:script=latn;language=dflt;mapping=tex-text;"
(fontspec)             - 'small caps'  (m/sc) with NFSS spec.: <->"Times New
(fontspec)             Roman/OT:script=latn;language=dflt;+smcp;mapping=tex-text;"
(fontspec)             - 'bold' (b/n) with NFSS spec.: <->"Times New
(fontspec)             Roman/B/OT:script=latn;language=dflt;mapping=tex-text;"
(fontspec)             - 'bold small caps'  (b/sc) with NFSS spec.: <->"Times
(fontspec)             New
(fontspec)             Roman/B/OT:script=latn;language=dflt;+smcp;mapping=tex-text;"
(fontspec)             - 'italic' (m/it) with NFSS spec.: <->"Times New
(fontspec)             Roman/I/OT:script=latn;language=dflt;mapping=tex-text;"
(fontspec)             - 'italic small caps'  (m/scit) with NFSS spec.:
(fontspec)             <->"Times New
(fontspec)             Roman/I/OT:script=latn;language=dflt;+smcp;mapping=tex-text;"
(fontspec)             - 'bold italic' (b/it) with NFSS spec.: <->"Times New
(fontspec)             Roman/BI/OT:script=latn;language=dflt;mapping=tex-text;"
(fontspec)             - 'bold italic small caps'  (b/scit) with NFSS spec.:
(fontspec)             <->"Times New
(fontspec)             Roman/BI/OT:script=latn;language=dflt;+smcp;mapping=tex-text;"

 (./第十课.aux)
\openout1 = `第十课.aux'.

LaTeX Font Info:    Checking defaults for OML/cmm/m/it on input line 33.
LaTeX Font Info:    ... okay on input line 33.
LaTeX Font Info:    Checking defaults for OMS/cmsy/m/n on input line 33.
LaTeX Font Info:    ... okay on input line 33.
LaTeX Font Info:    Checking defaults for OT1/cmr/m/n on input line 33.
LaTeX Font Info:    ... okay on input line 33.
LaTeX Font Info:    Checking defaults for T1/cmr/m/n on input line 33.
LaTeX Font Info:    ... okay on input line 33.
LaTeX Font Info:    Checking defaults for TS1/cmr/m/n on input line 33.
LaTeX Font Info:    ... okay on input line 33.
LaTeX Font Info:    Checking defaults for TU/lmr/m/n on input line 33.
LaTeX Font Info:    ... okay on input line 33.
LaTeX Font Info:    Checking defaults for OMX/cmex/m/n on input line 33.
LaTeX Font Info:    ... okay on input line 33.
LaTeX Font Info:    Checking defaults for U/cmr/m/n on input line 33.
LaTeX Font Info:    ... okay on input line 33.

*geometry* driver: auto-detecting
*geometry* detected driver: xetex
*geometry* verbose mode - [ preamble ] result:
* driver: xetex
* paper: a4paper
* layout: <same size as paper>
* layoutoffset:(h,v)=(0.0pt,0.0pt)
* modes: 
* h-part:(L,W,R)=(71.13188pt, 455.24411pt, 71.13188pt)
* v-part:(T,H,B)=(71.13188pt, 702.78308pt, 71.13188pt)
* \paperwidth=597.50787pt
* \paperheight=845.04684pt
* \textwidth=455.24411pt
* \textheight=702.78308pt
* \oddsidemargin=-1.1381pt
* \evensidemargin=-1.1381pt
* \topmargin=-38.1381pt
* \headheight=12.0pt
* \headsep=25.0pt
* \topskip=11.0pt
* \footskip=30.0pt
* \marginparwidth=59.0pt
* \marginparsep=10.0pt
* \columnsep=10.0pt
* \skip\footins=10.0pt plus 4.0pt minus 2.0pt
* \hoffset=0.0pt
* \voffset=0.0pt
* \mag=1000
* \@twocolumnfalse
* \@twosidefalse
* \@mparswitchfalse
* \@reversemarginfalse
* (1in=72.27pt=25.4mm, 1cm=28.453pt)

File: chem.jpg Graphic file (type bmp)
<chem.jpg>

Package fontspec Info: Could not resolve font "SimHei/BI" (it probably doesn't
(fontspec)             exist).


Package fontspec Info: Could not resolve font "SimHei/B" (it probably doesn't
(fontspec)             exist).


Package fontspec Info: Could not resolve font "SimHei/I" (it probably doesn't
(fontspec)             exist).


Package fontspec Info: Font family 'SimHei(0)' created for font 'SimHei' with
(fontspec)             options [Script={CJK}].
(fontspec)              
(fontspec)              This font family consists of the following NFSS
(fontspec)             series/shapes:
(fontspec)              
(fontspec)             - 'normal' (m/n) with NFSS spec.:
(fontspec)             <->"SimHei/OT:script=hani;language=dflt;"
(fontspec)             - 'small caps'  (m/sc) with NFSS spec.: 

LaTeX Font Info:    Trying to load font information for OT1+lmr on input line 41.
(d:/texlive/2024/texmf-dist/tex/latex/lm/ot1lmr.fd
File: ot1lmr.fd 2015/05/01 v1.6.1 Font defs for Latin Modern
)
LaTeX Font Info:    Trying to load font information for OML+lmm on input line 41.
 (d:/texlive/2024/texmf-dist/tex/latex/lm/omllmm.fd
File: omllmm.fd 2015/05/01 v1.6.1 Font defs for Latin Modern
)
LaTeX Font Info:    Trying to load font information for OMS+lmsy on input line 41.
 (d:/texlive/2024/texmf-dist/tex/latex/lm/omslmsy.fd
File: omslmsy.fd 2015/05/01 v1.6.1 Font defs for Latin Modern
)
LaTeX Font Info:    Trying to load font information for OMX+lmex on input line 41.
 (d:/texlive/2024/texmf-dist/tex/latex/lm/omxlmex.fd
File: omxlmex.fd 2015/05/01 v1.6.1 Font defs for Latin Modern
)
LaTeX Font Info:    External font `lmex10' loaded for size
(Font)              <12> on input line 41.
LaTeX Font Info:    External font `lmex10' loaded for size
(Font)              <8> on input line 41.
LaTeX Font Info:    External font `lmex10' loaded for size
(Font)              <6> on input line 41.

Underfull \hbox (badness 10000) in paragraph at lines 40--48

 []

LaTeX Font Info:    External font `lmex10' loaded for size
(Font)              <10> on input line 71.
LaTeX Font Info:    External font `lmex10' loaded for size
(Font)              <7> on input line 71.
LaTeX Font Info:    External font `lmex10' loaded for size
(Font)              <5> on input line 71.

Overfull \hbox (9.14717pt too wide) in paragraph at lines 70--97
[]
 []

[1

]
Underfull \hbox (badness 2922) in paragraph at lines 115--121
\TU/SimSun(0)/m/n/10 溶 液 的 小 试 管 中 加 入 几 滴 \TU/TimesNewRoman(0)/m/n/10 0.5 $\OT1/lmr/m/n/10 mol \OMS/lmsy/m/n/10 ^^A
 []


Overfull \hbox (9.14717pt too wide) in paragraph at lines 110--128
[]
 []


Underfull \hbox (badness 1762) in paragraph at lines 138--143
\TU/SimSun(0)/m/n/10 硫 酸 亚 铁 铵 溶 液 和 \TU/TimesNewRoman(0)/m/n/10 2) 0.1 $\OT1/lmr/m/n/10 mol \OMS/lmsy/m/n/10 ^^A \OT1/lmr/m/n/10 L[]$
 []


Underfull \hbox (badness 6047) in paragraph at lines 143--144
[]|\TU/TimesNewRoman(0)/m/n/10 1) \TU/SimSun(0)/m/n/10 生 成 黑 色 沉 淀；|
 []


Overfull \hbox (9.14717pt too wide) in paragraph at lines 133--149
[]
 []


Underfull \hbox (badness 6047) in paragraph at lines 165--168
[]|\TU/TimesNewRoman(0)/m/n/10 1) \TU/SimSun(0)/m/n/10 生 成 黄 色 沉 淀；|
 []


Underfull \hbox (badness 6493) in paragraph at lines 168--173
[]|$\OT1/lmr/m/n/10 2\OML/lmm/m/it/10 K[] \OT1/lmr/m/n/10 + \OML/lmm/m/it/10 Na[] \OT1/lmr/m/n/10 + [\OML/lmm/m/it/10 Co\OT1/lmr/m/n/10 (\OML/lmm/m/it/10 NO[]\OT1/lmr/m/n/10 )[]][] \OMS/lmsy/m/n/10 !
 []


Underfull \hbox (badness 8170) in paragraph at lines 168--173
\OML/lmm/m/it/10 K[]Na\OT1/lmr/m/n/10 [\OML/lmm/m/it/10 Co\OT1/lmr/m/n/10 (\OML/lmm/m/it/10 NO[]\OT1/lmr/m/n/10 )[]] \OMS/lmsy/m/n/10 #$\TU/SimSun(0)/m/n/10 ；|    
 []


Overfull \hbox (9.14717pt too wide) in paragraph at lines 154--177
[]
 []


Underfull \hbox (badness 10000) in paragraph at lines 204--206
[]|\TU/TimesNewRoman(0)/m/n/10 3) $\OT1/lmr/m/n/10 [\OML/lmm/m/it/10 Fe\OT1/lmr/m/n/10 (\OML/lmm/m/it/10 SCN\OT1/lmr/m/n/10 )[]][] + \OML/lmm/m/it/10 F[] \OMS/lmsy/m/n/10 !
 []


Underfull \hbox (badness 1210) in paragraph at lines 208--210
[]|\TU/TimesNewRoman(0)/m/n/10 4) $\OT1/lmr/m/n/10 [\OML/lmm/m/it/10 FeF[]\OT1/lmr/m/n/10 ][] + \OML/lmm/m/it/10 C[]O[] \OMS/lmsy/m/n/10 ! \OML/lmm/m/it/10 F[] \OT1/lmr/m/n/10 +
 []


Underfull \hbox (badness 10000) in paragraph at lines 211--213
\OML/lmm/m/it/10 K[]\OT1/lmr/m/n/10 [\OML/lmm/m/it/10 Fe\OT1/lmr/m/n/10 (\OML/lmm/m/it/10 CN\OT1/lmr/m/n/10 )[]]$ \TU/SimSun(0)/m/n/10 溶 液，|  振 荡。|  比 较
 []


Underfull \hbox (badness 10000) in paragraph at lines 211--213
\TU/SimSun(0)/m/n/10 大 小，|  并 比 较 $\OT1/lmr/m/n/10 [\OML/lmm/m/it/10 Fe\OT1/lmr/m/n/10 (\OML/lmm/m/it/10 CN\OT1/lmr/m/n/10 )[]][]$ \TU/SimSun(0)/m/n/10 和
 []


Underfull \hbox (badness 1005) in paragraph at lines 213--214
[]|\TU/SimSun(0)/m/n/10 溶 液 由 棕 黄 逐 渐 变
 []


Underfull \hbox (badness 10000) in paragraph at lines 214--217
\OML/lmm/m/it/10 '[]$\TU/TimesNewRoman(0)/m/n/10 =0.36V\TU/SimSun(0)/m/n/10 ，|
 []


Underfull \hbox (badness 10000) in paragraph at lines 214--217
\OT1/lmr/m/n/10 [\OML/lmm/m/it/10 Fe\OT1/lmr/m/n/10 (\OML/lmm/m/it/10 CN\OT1/lmr/m/n/10 )[]][]$ \TU/SimSun(0)/m/n/10 的 $\OML/lmm/m/it/10 log ^^L[]$\TU/TimesNewRoman(0)/m/n/10 =35\TU/SimSun(0)/m/n/10 ，|
 []


Underfull \hbox (badness 10000) in paragraph at lines 214--217
\OT1/lmr/m/n/10 [\OML/lmm/m/it/10 Fe\OT1/lmr/m/n/10 (\OML/lmm/m/it/10 CN\OT1/lmr/m/n/10 )[]][]$ \TU/SimSun(0)/m/n/10 的 $\OML/lmm/m/it/10 log ^^L[]$\TU/TimesNewRoman(0)/m/n/10 =42\TU/SimSun(0)/m/n/10 ，|  后
 []

[2]
Underfull \hbox (badness 1087) in paragraph at lines 244--245
[]|\TU/TimesNewRoman(0)/m/n/10 2) \TU/SimSun(0)/m/n/10 再 向 溶 液 中 逐 滴 加 入 \TU/TimesNewRoman(0)/m/n/10 1 $\OT1/lmr/m/n/10 mol \OMS/lmsy/m/n/10 ^^A \OT1/lmr/m/n/10 L[]$
 []


Underfull \hbox (badness 10000) in paragraph at lines 246--248
[]|\TU/TimesNewRoman(0)/m/n/10 2)$\OT1/lmr/m/n/10 [\OML/lmm/m/it/10 Cu\OT1/lmr/m/n/10 (\OML/lmm/m/it/10 NH[]\OT1/lmr/m/n/10 )[]](\OML/lmm/m/it/10 OH\OT1/lmr/m/n/10 )[] + 4\OML/lmm/m/it/10 H[] \OT1/lmr/m/n/10 =
 []

[3]
Underfull \hbox (badness 5203) in paragraph at lines 323--325
[]|\TU/TimesNewRoman(0)/m/n/10 5)$\OML/lmm/m/it/10 AgBr \OT1/lmr/m/n/10 + 2\OML/lmm/m/it/10 S[]O[] \OT1/lmr/m/n/10 = \OML/lmm/m/it/10 Br[] \OT1/lmr/m/n/10 +
 []

[4]
Underfull \hbox (badness 10000) in paragraph at lines 354--355
[]|\TU/TimesNewRoman(0)/m/n/10 2) \TU/SimSun(0)/m/n/10 再 向 溶 液 中 逐 滴 加 入 饱 和
 []


Underfull \hbox (badness 10000) in paragraph at lines 354--355
\OT1/lmr/m/n/10 (\OML/lmm/m/it/10 NH[]\OT1/lmr/m/n/10 )[]\OML/lmm/m/it/10 C[]O[]$ \TU/SimSun(0)/m/n/10 溶 液，|  溶 液 颜 色 又 有
 []


Underfull \hbox (badness 1694) in paragraph at lines 393--395
[]|\TU/TimesNewRoman(0)/m/n/10 c.$\OT1/lmr/m/n/10 [\OML/lmm/m/it/10 Cu\OT1/lmr/m/n/10 (\OML/lmm/m/it/10 NH[]\OT1/lmr/m/n/10 )[]][] + \OML/lmm/m/it/10 Zn \OT1/lmr/m/n/10 = \OML/lmm/m/it/10 Cu \OT1/lmr/m/n/10 +
 []


Underfull \hbox (badness 10000) in paragraph at lines 397--399
[]|\TU/TimesNewRoman(0)/m/n/10 d.$\OT1/lmr/m/n/10 [\OML/lmm/m/it/10 Cu\OT1/lmr/m/n/10 (\OML/lmm/m/it/10 NH[]\OT1/lmr/m/n/10 )[]][] + \OML/lmm/m/it/10 EDTA \OT1/lmr/m/n/10 =
 []


Underfull \hbox (badness 1005) in paragraph at lines 420--421
[]|\TU/SimSun(0)/m/n/10 加 入 氨 水 之 后 溶 液
 []


Underfull \hbox (badness 1005) in paragraph at lines 420--421
\TU/SimSun(0)/m/n/10 酰 二 肟 溶 液 后 产 生
 []


Underfull \hbox (badness 1199) in paragraph at lines 421--424
[]|$\OML/lmm/m/it/10 Ni[] \OT1/lmr/m/n/10 + 4\OML/lmm/m/it/10 NH[] \OT1/lmr/m/n/10 = [\OML/lmm/m/it/10 Ni\OT1/lmr/m/n/10 (\OML/lmm/m/it/10 NH[]\OT1/lmr/m/n/10 )[]][]$
 []


Underfull \hbox (badness 10000) in paragraph at lines 421--424
\OML/lmm/m/it/10 Ni[] \OT1/lmr/m/n/10 + [] \OMS/lmsy/m/n/10 !
 []


Underfull \hbox (badness 1005) in paragraph at lines 429--430
\TU/SimSun(0)/m/n/10 液 后 变 成 血 红 色 溶
 []


Underfull \hbox (badness 1596) in paragraph at lines 429--430
\TU/SimSun(0)/m/n/10 液 后 褪 色，|  呈 淡 红
 []

[5] [6] (./第十课.bbl) [7] (./第十课.aux)
 ***********
LaTeX2e <2023-11-01> patch level 1
L3 programming layer <2022/07/14>
 ***********
 ) 
Here is how much of TeX's memory you used:
 8889 strings out of 474773
 243304 string characters out of 5761288
 1950842 words of memory out of 5000000
 30880 multiletter control sequences out of 15000+600000
 581906 words of font info for 105 fonts, out of 8000000 for 9000
 1348 hyphenation exceptions out of 8191
 74i,15n,88p,286b,278s stack positions out of 10000i,1000n,20000p,200000b,200000s

Output written on 第十课.pdf (7 pages).
